Requirement already satisfied: scikit-learn==1.3.1 in /opt/homebrew/lib/python3.11/site-packages (from -r requirements.txt (line 1)) (1.3.1)
Requirement already satisfied: pandas==2.1.1 in /opt/homebrew/lib/python3.11/site-packages (from -r requirements.txt (line 2)) (2.1.1)
Requirement already satisfied: numpy==1.26.0 in /opt/homebrew/lib/python3.11/site-packages (from -r requirements.txt (line 3)) (1.26.0)
Requirement already satisfied: matplotlib==3.7.3 in /opt/homebrew/lib/python3.11/site-packages (from -r requirements.txt (line 4)) (3.7.3)
Requirement already satisfied: seaborn==0.13.0 in /opt/homebrew/lib/python3.11/site-packages (from -r requirements.txt (line 5)) (0.13.0)
Requirement already satisfied: yellowbrick==1.5 in /opt/homebrew/lib/python3.11/site-packages (from -r requirements.txt (line 6)) (1.5)
Collecting argparse==1.4.0 (from -r requirements.txt (line 7))
  Using cached argparse-1.4.0-py2.py3-none-any.whl (23 kB)
Requirement already satisfied: scipy>=1.5.0 in /opt/homebrew/lib/python3.11/site-packages (from scikit-learn==1.3.1->-r requirements.txt (line 1)) (1.11.3)
Requirement already satisfied: joblib>=1.1.1 in /opt/homebrew/lib/python3.11/site-packages (from scikit-learn==1.3.1->-r requirements.txt (line 1)) (1.3.2)
Requirement already satisfied: threadpoolctl>=2.0.0 in /opt/homebrew/lib/python3.11/site-packages (from scikit-learn==1.3.1->-r requirements.txt (line 1)) (3.2.0)
Requirement already satisfied: python-dateutil>=2.8.2 in /opt/homebrew/lib/python3.11/site-packages (from pandas==2.1.1->-r requirements.txt (line 2)) (2.8.2)
Requirement already satisfied: pytz>=2020.1 in /opt/homebrew/lib/python3.11/site-packages (from pandas==2.1.1->-r requirements.txt (line 2)) (2023.3.post1)
Requirement already satisfied: tzdata>=2022.1 in /opt/homebrew/lib/python3.11/site-packages (from pandas==2.1.1->-r requirements.txt (line 2)) (2023.3)
Requirement already satisfied: contourpy>=1.0.1 in /opt/homebrew/lib/python3.11/site-packages (from matplotlib==3.7.3->-r requirements.txt (line 4)) (1.1.1)
Requirement already satisfied: cycler>=0.10 in /opt/homebrew/lib/python3.11/site-packages (from matplotlib==3.7.3->-r requirements.txt (line 4)) (0.12.1)
Requirement already satisfied: fonttools>=4.22.0 in /opt/homebrew/lib/python3.11/site-packages (from matplotlib==3.7.3->-r requirements.txt (line 4)) (4.43.1)
Requirement already satisfied: kiwisolver>=1.0.1 in /opt/homebrew/lib/python3.11/site-packages (from matplotlib==3.7.3->-r requirements.txt (line 4)) (1.4.5)
Requirement already satisfied: packaging>=20.0 in /opt/homebrew/lib/python3.11/site-packages (from matplotlib==3.7.3->-r requirements.txt (line 4)) (23.2)
Requirement already satisfied: pillow>=6.2.0 in /opt/homebrew/lib/python3.11/site-packages (from matplotlib==3.7.3->-r requirements.txt (line 4)) (10.0.1)
Requirement already satisfied: pyparsing>=2.3.1 in /opt/homebrew/lib/python3.11/site-packages (from matplotlib==3.7.3->-r requirements.txt (line 4)) (3.1.1)
Requirement already satisfied: six>=1.5 in /opt/homebrew/lib/python3.11/site-packages (from python-dateutil>=2.8.2->pandas==2.1.1->-r requirements.txt (line 2)) (1.16.0)
Installing collected packages: argparse
Successfully installed argparse-1.4.0
Loading CSV instance_properties.csv
Preparing data
/opt/homebrew/lib/python3.11/site-packages/sklearn/preprocessing/_data.py:246: UserWarning: Numerical issues were encountered when centering the data and might not be solved. Dataset may contain too large values. You may need to prescale your features.
  warnings.warn(
Calculating correlation
Running Principal Component Analysis
Number of properties reduced from 9 to 4
Running kmeans with elbow method
Classifying instances in 5 clusters
Generating silhouette diagram
Generating pairplots
Selecting instances according to centroid distance

        SUMMARY:
         - Instances analyzed: 22
         - Preliminary %: 0.5
         - Number of preliminary instances: 11
         - Properties used: ['d', 'distance_avg', 'distance_max', 'distance_min', 'distance_std', 'k', 'n', 'unbalancedK']
         - Number of clusters: 5
         - Selected instances: ['wine.csv', 'WatchAcc.csv', 'yeast.csv', 'water.csv', 'InternetAds.csv', 'body.csv', 'PhonesAcc.csv', 'Cardiotopography.csv', 'breast_cancer.csv', 'WatchGyro.csv', 'multiple_features_reduced.csv']

Chosen instances have been copied to  instances/tuning/instances
All done, bye!
